[2022-03-16 10:05:45,918: INFO: app] Application started
[2022-03-16 10:05:45,997: INFO: _internal]  * Restarting with stat
[2022-03-16 10:05:49,798: INFO: app] Application started
[2022-03-16 10:05:49,813: WARNING: _internal]  * Debugger is active!
[2022-03-16 10:05:49,827: INFO: _internal]  * Debugger PIN: 868-673-679
[2022-03-16 10:05:49,911: INFO: _internal]  * Running on http://127.0.0.1:5000/ (Press CTRL+C to quit)
[2022-03-16 10:07:34,706: INFO: _internal]  * Detected change in 'C:\\Users\\umang\\Desktop\\Ineuron\\opensource\\New folder\\TrafficSignRecognition_PyTorch\\app.py', reloading
[2022-03-16 10:07:34,941: INFO: _internal]  * Restarting with stat
[2022-03-16 10:07:37,968: INFO: app] Application started
[2022-03-16 10:07:37,990: WARNING: _internal]  * Debugger is active!
[2022-03-16 10:07:38,006: INFO: _internal]  * Debugger PIN: 868-673-679
[2022-03-16 10:07:38,132: INFO: _internal]  * Running on http://127.0.0.1:5000/ (Press CTRL+C to quit)
[2022-03-16 10:07:54,034: INFO: app] Home page
[2022-03-16 10:07:54,034: INFO: app] GET request
[2022-03-16 10:07:54,045: INFO: _internal] 127.0.0.1 - - [16/Mar/2022 10:07:54] "GET / HTTP/1.1" 200 -
[2022-03-16 10:08:00,691: INFO: app] Home page
[2022-03-16 10:08:00,695: INFO: app] POST request
[2022-03-16 10:08:00,730: INFO: app] Image opened
[2022-03-16 10:08:00,735: INFO: app] Image resized
[2022-03-16 10:08:00,737: INFO: app] Image converted to numpy array
[2022-03-16 10:08:00,750: INFO: app] Image converted to torch tensor
[2022-03-16 10:08:00,841: INFO: app] Prediction done
[2022-03-16 10:08:00,843: INFO: app] Prediction : 14
[2022-03-16 10:08:00,843: INFO: app] Returning context
[2022-03-16 10:08:00,847: INFO: _internal] 127.0.0.1 - - [16/Mar/2022 10:08:00] "POST / HTTP/1.1" 200 -
